<?xml version="1.0" encoding="UTF-8"?>
<!-- Generated by org.testng.reporters.JUnitXMLReporter -->
<testsuite ignored="0" hostname="HYD-5CG05324LM" failures="0" tests="29" name="Test" time="51.926" errors="0" timestamp="2023-11-25T17:48:14 IST">
  <testcase classname="com.Test.RegistrationTest" name="@BeforeTest registerPageNavigation" time="34.972">
    <failure type="org.openqa.selenium.NoSuchElementException" message="no such element: Unable to locate element: {&amp;quot;method&amp;quot;:&amp;quot;link text&amp;quot;,&amp;quot;selector&amp;quot;:&amp;quot;Start here.&amp;quot;}
  (Session info: chrome=119.0.6045.160)
For documentation on this error, please visit: https://www.seleniumhq.org/exceptions/no_such_element.html
Build info: version: &amp;apos;3.141.59&amp;apos;, revision: &amp;apos;e82be7d358&amp;apos;, time: &amp;apos;2018-11-14T08:17:03&amp;apos;
System info: host: &amp;apos;HYD-5CG05324LM&amp;apos;, ip: &amp;apos;192.168.14.39&amp;apos;, os.name: &amp;apos;Windows 10&amp;apos;, os.arch: &amp;apos;amd64&amp;apos;, os.version: &amp;apos;10.0&amp;apos;, java.version: &amp;apos;18&amp;apos;
Driver info: org.openqa.selenium.chrome.ChromeDriver
Capabilities {acceptInsecureCerts: false, browserName: chrome, browserVersion: 119.0.6045.160, chrome: {chromedriverVersion: 119.0.6045.105 (38c72552c5e..., userDataDir: C:\Users\aravivo\AppData\Lo...}, fedcm:accounts: true, goog:chromeOptions: {debuggerAddress: localhost:63446}, javascriptEnabled: true, networkConnectionEnabled: false, pageLoadStrategy: normal, platform: WINDOWS, platformName: WINDOWS, proxy: Proxy(), setWindowRect: true, strictFileInteractability: false, timeouts: {implicit: 0, pageLoad: 300000, script: 30000}, unhandledPromptBehavior: dismiss and notify, webauthn:extension:credBlob: true, webauthn:extension:largeBlob: true, webauthn:extension:minPinLength: true, webauthn:extension:prf: true, webauthn:virtualAuthenticators: true}
Session ID: 194fd20ae4d54e6ce8fcbdb982e65849
*** Element info: {Using=link text, value=Start here.}">
      <![CDATA[org.openqa.selenium.NoSuchElementException: no such element: Unable to locate element: {"method":"link text","selector":"Start here."}
  (Session info: chrome=119.0.6045.160)
For documentation on this error, please visit: https://www.seleniumhq.org/exceptions/no_such_element.html
Build info: version: '3.141.59', revision: 'e82be7d358', time: '2018-11-14T08:17:03'
System info: host: 'HYD-5CG05324LM', ip: '192.168.14.39', os.name: 'Windows 10', os.arch: 'amd64', os.version: '10.0', java.version: '18'
Driver info: org.openqa.selenium.chrome.ChromeDriver
Capabilities {acceptInsecureCerts: false, browserName: chrome, browserVersion: 119.0.6045.160, chrome: {chromedriverVersion: 119.0.6045.105 (38c72552c5e..., userDataDir: C:\Users\aravivo\AppData\Lo...}, fedcm:accounts: true, goog:chromeOptions: {debuggerAddress: localhost:63446}, javascriptEnabled: true, networkConnectionEnabled: false, pageLoadStrategy: normal, platform: WINDOWS, platformName: WINDOWS, proxy: Proxy(), setWindowRect: true, strictFileInteractability: false, timeouts: {implicit: 0, pageLoad: 300000, script: 30000}, unhandledPromptBehavior: dismiss and notify, webauthn:extension:credBlob: true, webauthn:extension:largeBlob: true, webauthn:extension:minPinLength: true, webauthn:extension:prf: true, webauthn:virtualAuthenticators: true}
Session ID: 194fd20ae4d54e6ce8fcbdb982e65849
*** Element info: {Using=link text, value=Start here.}
at org.openqa.selenium.remote.http.W3CHttpResponseCodec.createException(W3CHttpResponseCodec.java:187)
at org.openqa.selenium.remote.http.W3CHttpResponseCodec.decode(W3CHttpResponseCodec.java:122)
at org.openqa.selenium.remote.http.W3CHttpResponseCodec.decode(W3CHttpResponseCodec.java:49)
at org.openqa.selenium.remote.HttpCommandExecutor.execute(HttpCommandExecutor.java:158)
at org.openqa.selenium.remote.service.DriverCommandExecutor.execute(DriverCommandExecutor.java:83)
at org.openqa.selenium.remote.RemoteWebDriver.execute(RemoteWebDriver.java:552)
at org.openqa.selenium.remote.RemoteWebDriver.findElement(RemoteWebDriver.java:323)
at org.openqa.selenium.remote.RemoteWebDriver.findElementByLinkText(RemoteWebDriver.java:380)
at org.openqa.selenium.By$ByLinkText.findElement(By.java:220)
at org.openqa.selenium.remote.RemoteWebDriver.findElement(RemoteWebDriver.java:315)
at org.openqa.selenium.support.pagefactory.DefaultElementLocator.findElement(DefaultElementLocator.java:69)
at org.openqa.selenium.support.pagefactory.internal.LocatingElementHandler.invoke(LocatingElementHandler.java:38)
at jdk.proxy2/jdk.proxy2.$Proxy11.click(Unknown Source)
at com.POM.RegisterPage.register(RegisterPage.java:53)
at com.Test.RegistrationTest.registerPageNavigation(RegistrationTest.java:27)
... Removed 25 stack frames]]>
    </failure>
  </testcase> <!-- @BeforeTest registerPageNavigation -->
  <testcase classname="com.Test.BuyItems" name="@AfterTest close" time="0.0">
    <skipped/>
  </testcase> <!-- @AfterTest close -->
  <testcase classname="com.Test.RegistrationTest" name="registerHappyFlow" time="0.0">
    <skipped/>
  </testcase> <!-- registerHappyFlow -->
  <testcase classname="com.Test.RegistrationTest" name="invalidEmail" time="0.0">
    <skipped/>
  </testcase> <!-- invalidEmail -->
  <testcase classname="com.Test.RegistrationTest" name="nullPassword" time="0.0">
    <skipped/>
  </testcase> <!-- nullPassword -->
  <testcase classname="com.Test.RegistrationTest" name="passwordLengthTest" time="0.0">
    <skipped/>
  </testcase> <!-- passwordLengthTest -->
  <testcase classname="com.Test.RegistrationTest" name="nullMobileNumber" time="0.0">
    <skipped/>
  </testcase> <!-- nullMobileNumber -->
  <testcase classname="com.Test.RegistrationTest" name="invalidMobileNumber" time="0.0">
    <skipped/>
  </testcase> <!-- invalidMobileNumber -->
  <testcase classname="com.Test.RegistrationTest" name="nullCustomerName" time="0.001">
    <skipped/>
  </testcase> <!-- nullCustomerName -->
  <testcase classname="com.Test.RegistrationTest" name="existingEmail" time="0.0">
    <skipped/>
  </testcase> <!-- existingEmail -->
  <testcase classname="com.Test.LoginTest" name="loginHappyFlow" time="0.0">
    <skipped/>
  </testcase> <!-- loginHappyFlow -->
  <testcase classname="com.Test.LoginTest" name="invalidEmail" time="0.0">
    <skipped/>
  </testcase> <!-- invalidEmail -->
  <testcase classname="com.Test.LoginTest" name="nullEmail" time="0.0">
    <skipped/>
  </testcase> <!-- nullEmail -->
  <testcase classname="com.Test.LoginTest" name="invalidPassword" time="0.001">
    <skipped/>
  </testcase> <!-- invalidPassword -->
  <testcase classname="com.Test.LoginTest" name="nullPassword" time="0.0">
    <skipped/>
  </testcase> <!-- nullPassword -->
  <testcase classname="com.Mysql.dbTesting" name="createTable" time="0.0">
    <skipped/>
  </testcase> <!-- createTable -->
  <testcase classname="com.Mysql.dbTesting" name="insertTable" time="0.0">
    <skipped/>
  </testcase> <!-- insertTable -->
  <testcase classname="com.Mysql.dbTesting" name="findMaxPrice" time="0.0">
    <skipped/>
  </testcase> <!-- findMaxPrice -->
  <testcase classname="com.Mysql.dbTesting" name="findDuplicateRecord" time="0.0">
    <skipped/>
  </testcase> <!-- findDuplicateRecord -->
  <testcase classname="com.Mysql.dbTesting" name="findMostSoldProduct" time="0.0">
    <skipped/>
  </testcase> <!-- findMostSoldProduct -->
  <testcase classname="com.Mysql.dbTesting" name="findMostSoldProductByRegion" time="0.0">
    <skipped/>
  </testcase> <!-- findMostSoldProductByRegion -->
  <testcase classname="com.Test.BuyItems" name="searchItem" time="0.0">
    <skipped/>
  </testcase> <!-- searchItem -->
  <testcase classname="com.Test.BuyItems" name="openProductPage" time="0.0">
    <skipped/>
  </testcase> <!-- openProductPage -->
  <testcase classname="com.Test.BuyItems" name="checkProductAvailability" time="0.0">
    <skipped/>
  </testcase> <!-- checkProductAvailability -->
  <testcase classname="com.Test.BuyItems" name="addToCart" time="0.001">
    <skipped/>
  </testcase> <!-- addToCart -->
  <testcase classname="com.Test.BuyItems" name="checkOut" time="0.0">
    <skipped/>
  </testcase> <!-- checkOut -->
  <testcase classname="com.Test.BuyItems" name="addShippingAddress" time="0.001">
    <skipped/>
  </testcase> <!-- addShippingAddress -->
  <testcase classname="com.Test.BuyItems" name="addPaymentMethod" time="0.0">
    <skipped/>
  </testcase> <!-- addPaymentMethod -->
  <testcase classname="com.Test.BuyItems" name="placeOrder" time="0.001">
    <skipped/>
  </testcase> <!-- placeOrder -->
  <testcase classname="com.Test.BuyItems" name="viewOrder" time="0.001">
    <skipped/>
  </testcase> <!-- viewOrder -->
  <testcase classname="com.Test.BuyItems" name="dowloadOrderInvoice" time="0.0">
    <skipped/>
  </testcase> <!-- dowloadOrderInvoice -->
</testsuite> <!-- Test -->
